<?xml version="1.0" encoding="UTF-8"?>
<!-- Generated by org.testng.reporters.JUnitXMLReporter -->
<testsuite ignored="2" hostname="Lokesh" failures="0" tests="4" name="Test" time="24.647" errors="0" timestamp="2026-03-05T08:59:56 IST">
  <testcase classname="Product.ProductTest" name="createProduct" time="4.862"/>
  <testcase classname="Campaign.CampaignTest" name="CreateCampaignwithExpDateTest" time="6.152"/>
  <testcase classname="Campaign.CampaignTest" name="CreateCampaignwithStatus" time="1.032"/>
  <testcase classname="Campaign.CampaignTest" name="CreteCampaignOnly" time="3.408"/>
  <testcase classname="BastTest.BaseClass" name="@BeforeSuite beforeSuite" time="0.0">
    <ignored/>
  </testcase> <!-- @BeforeSuite beforeSuite -->
  <testcase classname="BastTest.BaseClass" name="@AfterSuite afterSuite" time="0.0">
    <ignored/>
  </testcase> <!-- @AfterSuite afterSuite -->
</testsuite> <!-- Test -->
