<?xml version="1.0" encoding="UTF-8"?>
<!-- Generated by org.testng.reporters.JUnitXMLReporter -->
<testsuite ignored="0" hostname="Lokesh" failures="0" tests="3" name="Test1" time="17.64" errors="0" timestamp="2026-03-05T08:54:30 IST">
  <testcase classname="Campaign.CampaignTest" name="CreateCampaignwithExpDateTest" time="6.427"/>
  <testcase classname="Campaign.CampaignTest" name="CreateCampaignwithStatus" time="1.0"/>
  <testcase classname="Campaign.CampaignTest" name="CreteCampaignOnly" time="3.432"/>
</testsuite> <!-- Test1 -->
