<?xml version="1.0" encoding="UTF-8"?>
<testng-results ignored="0" total="3" passed="2" failed="1" skipped="0">
  <reporter-output>
    <line>
      <![CDATA[Report Config]]>
    </line>
    <line>
      <![CDATA[DB Open]]>
    </line>
    <line>
      <![CDATA[Launch Browser]]>
    </line>
    <line>
      <![CDATA[Login Application]]>
    </line>
    <line>
      <![CDATA[Logout Application]]>
    </line>
    <line>
      <![CDATA[Login Application]]>
    </line>
    <line>
      <![CDATA[Logout Application]]>
    </line>
    <line>
      <![CDATA[Login Application]]>
    </line>
    <line>
      <![CDATA[Logout Application]]>
    </line>
    <line>
      <![CDATA[Close Browser]]>
    </line>
    <line>
      <![CDATA[DB Close]]>
    </line>
  </reporter-output>
  <suite started-at="2026-03-09T07:57:06 IST" name="Default suite" finished-at="2026-03-09T07:57:27 IST" duration-ms="21327">
    <groups>
    </groups>
    <test started-at="2026-03-09T07:57:06 IST" name="Default test" finished-at="2026-03-09T07:57:27 IST" duration-ms="21327">
      <class name="Campaign.CampaignTest">
        <test-method is-config="true" signature="beforeSuite()[pri:0, instance:Campaign.CampaignTest@58cbafc2]" started-at="2026-03-09T07:57:06 IST" name="beforeSuite" finished-at="2026-03-09T07:57:06 IST" duration-ms="18" status="PASS">
          <reporter-output>
            <line>
              <![CDATA[DB Open]]>
            </line>
          </reporter-output>
        </test-method> <!-- beforeSuite -->
        <test-method is-config="true" signature="beforeClass()[pri:0, instance:Campaign.CampaignTest@58cbafc2]" started-at="2026-03-09T07:57:06 IST" name="beforeClass" finished-at="2026-03-09T07:57:08 IST" duration-ms="2509" status="PASS">
          <reporter-output>
            <line>
              <![CDATA[Launch Browser]]>
            </line>
          </reporter-output>
        </test-method> <!-- beforeClass -->
        <test-method is-config="true" signature="beforeMethod()[pri:0, instance:Campaign.CampaignTest@58cbafc2]" started-at="2026-03-09T07:57:08 IST" name="beforeMethod" finished-at="2026-03-09T07:57:09 IST" duration-ms="1078" status="PASS">
          <reporter-output>
            <line>
              <![CDATA[Login Application]]>
            </line>
          </reporter-output>
        </test-method> <!-- beforeMethod -->
        <test-method signature="CreteCampaignOnly()[pri:0, instance:Campaign.CampaignTest@58cbafc2]" started-at="2026-03-09T07:57:09 IST" name="CreteCampaignOnly" finished-at="2026-03-09T07:57:16 IST" duration-ms="6929" status="PASS">
          <reporter-output>
          </reporter-output>
        </test-method> <!-- CreteCampaignOnly -->
        <test-method is-config="true" signature="afterMethod()[pri:0, instance:Campaign.CampaignTest@58cbafc2]" started-at="2026-03-09T07:57:16 IST" name="afterMethod" finished-at="2026-03-09T07:57:17 IST" duration-ms="792" status="PASS">
          <reporter-output>
            <line>
              <![CDATA[Logout Application]]>
            </line>
          </reporter-output>
        </test-method> <!-- afterMethod -->
        <test-method is-config="true" signature="beforeMethod()[pri:0, instance:Campaign.CampaignTest@58cbafc2]" started-at="2026-03-09T07:57:17 IST" name="beforeMethod" finished-at="2026-03-09T07:57:18 IST" duration-ms="962" status="PASS">
          <reporter-output>
            <line>
              <![CDATA[Login Application]]>
            </line>
          </reporter-output>
        </test-method> <!-- beforeMethod -->
        <test-method signature="CreateCampaignwithStatus()[pri:1, instance:Campaign.CampaignTest@58cbafc2]" started-at="2026-03-09T07:57:18 IST" name="CreateCampaignwithStatus" finished-at="2026-03-09T07:57:22 IST" duration-ms="4246" status="PASS">
          <reporter-output>
          </reporter-output>
        </test-method> <!-- CreateCampaignwithStatus -->
        <test-method is-config="true" signature="afterMethod()[pri:0, instance:Campaign.CampaignTest@58cbafc2]" started-at="2026-03-09T07:57:22 IST" name="afterMethod" finished-at="2026-03-09T07:57:23 IST" duration-ms="987" status="PASS">
          <reporter-output>
            <line>
              <![CDATA[Logout Application]]>
            </line>
          </reporter-output>
        </test-method> <!-- afterMethod -->
        <test-method is-config="true" signature="beforeMethod()[pri:0, instance:Campaign.CampaignTest@58cbafc2]" started-at="2026-03-09T07:57:23 IST" name="beforeMethod" finished-at="2026-03-09T07:57:24 IST" duration-ms="1118" status="PASS">
          <reporter-output>
            <line>
              <![CDATA[Login Application]]>
            </line>
          </reporter-output>
        </test-method> <!-- beforeMethod -->
        <test-method signature="CreateCampaignwithExpDateTest()[pri:2, instance:Campaign.CampaignTest@58cbafc2]" started-at="2026-03-09T07:57:24 IST" name="CreateCampaignwithExpDateTest" finished-at="2026-03-09T07:57:26 IST" duration-ms="1341" status="FAIL">
          <exception class="java.lang.AssertionError">
            <message>
              <![CDATA[expected [true] but found [false]]]>
            </message>
            <full-stacktrace>
              <![CDATA[java.lang.AssertionError: expected [true] but found [false]
at org.testng.Assert.fail(Assert.java:111)
at org.testng.Assert.failNotEquals(Assert.java:1578)
at org.testng.Assert.assertTrue(Assert.java:57)
at org.testng.Assert.assertTrue(Assert.java:67)
at Campaign.CampaignTest.CreateCampaignwithExpDateTest(CampaignTest.java:141)
at java.base/jdk.internal.reflect.NativeMethodAccessorImpl.invoke0(Native Method)
at java.base/jdk.internal.reflect.NativeMethodAccessorImpl.invoke(NativeMethodAccessorImpl.java:77)
at java.base/jdk.internal.reflect.DelegatingMethodAccessorImpl.invoke(DelegatingMethodAccessorImpl.java:43)
at java.base/java.lang.reflect.Method.invoke(Method.java:568)
at org.testng.internal.invokers.MethodInvocationHelper.invokeMethod(MethodInvocationHelper.java:141)
at org.testng.internal.invokers.TestInvoker.invokeMethod(TestInvoker.java:686)
at org.testng.internal.invokers.TestInvoker.invokeTestMethod(TestInvoker.java:230)
at org.testng.internal.invokers.MethodRunner.runInSequence(MethodRunner.java:63)
at org.testng.internal.invokers.TestInvoker$MethodInvocationAgent.invoke(TestInvoker.java:992)
at org.testng.internal.invokers.TestInvoker.invokeTestMethods(TestInvoker.java:203)
at org.testng.internal.invokers.TestMethodWorker.invokeTestMethods(TestMethodWorker.java:154)
at org.testng.internal.invokers.TestMethodWorker.run(TestMethodWorker.java:134)
at java.base/java.util.ArrayList.forEach(ArrayList.java:1511)
at org.testng.TestRunner.privateRun(TestRunner.java:739)
at org.testng.TestRunner.run(TestRunner.java:614)
at org.testng.SuiteRunner.runTest(SuiteRunner.java:421)
at org.testng.SuiteRunner.runSequentially(SuiteRunner.java:413)
at org.testng.SuiteRunner.privateRun(SuiteRunner.java:373)
at org.testng.SuiteRunner.run(SuiteRunner.java:312)
at org.testng.SuiteRunnerWorker.runSuite(SuiteRunnerWorker.java:52)
at org.testng.SuiteRunnerWorker.run(SuiteRunnerWorker.java:95)
at org.testng.TestNG.runSuitesSequentially(TestNG.java:1274)
at org.testng.TestNG.runSuitesLocally(TestNG.java:1208)
at org.testng.TestNG.runSuites(TestNG.java:1112)
at org.testng.TestNG.run(TestNG.java:1079)
at org.testng.remote.AbstractRemoteTestNG.run(AbstractRemoteTestNG.java:115)
at org.testng.remote.RemoteTestNG.initAndRun(RemoteTestNG.java:293)
at org.testng.remote.RemoteTestNG.main(RemoteTestNG.java:91)
]]>
            </full-stacktrace>
          </exception> <!-- java.lang.AssertionError -->
          <reporter-output>
          </reporter-output>
        </test-method> <!-- CreateCampaignwithExpDateTest -->
        <test-method is-config="true" signature="afterMethod()[pri:0, instance:Campaign.CampaignTest@58cbafc2]" started-at="2026-03-09T07:57:26 IST" name="afterMethod" finished-at="2026-03-09T07:57:27 IST" duration-ms="914" status="PASS">
          <reporter-output>
            <line>
              <![CDATA[Logout Application]]>
            </line>
          </reporter-output>
        </test-method> <!-- afterMethod -->
        <test-method is-config="true" signature="afterClass()[pri:0, instance:Campaign.CampaignTest@58cbafc2]" started-at="2026-03-09T07:57:27 IST" name="afterClass" finished-at="2026-03-09T07:57:27 IST" duration-ms="170" status="PASS">
          <reporter-output>
            <line>
              <![CDATA[Close Browser]]>
            </line>
          </reporter-output>
        </test-method> <!-- afterClass -->
        <test-method is-config="true" signature="afterSuite()[pri:0, instance:Campaign.CampaignTest@58cbafc2]" started-at="2026-03-09T07:57:27 IST" name="afterSuite" finished-at="2026-03-09T07:57:27 IST" duration-ms="1" status="PASS">
          <reporter-output>
            <line>
              <![CDATA[DB Close]]>
            </line>
          </reporter-output>
        </test-method> <!-- afterSuite -->
      </class> <!-- Campaign.CampaignTest -->
    </test> <!-- Default test -->
  </suite> <!-- Default suite -->
</testng-results>
