<?xml version="1.0" encoding="UTF-8"?>
<!-- Generated by org.testng.reporters.JUnitReportReporter -->
<testsuite hostname="Lokesh" failures="0" tests="3" name="testng.demo" time="0.018" errors="0" timestamp="2026-02-25T07:49:47 IST" skipped="0">
  <testcase classname="testng.demo" name="sub" time="0.002">
    <system-out>
      <![CDATA[Sub]]>
    </system-out>
  </testcase> <!-- sub -->
  <testcase classname="testng.demo" name="add" time="0.014">
    <system-out>
      <![CDATA[Add]]>
    </system-out>
  </testcase> <!-- add -->
  <testcase classname="testng.demo" name="multiply" time="0.002">
    <system-out>
      <![CDATA[Multiply]]>
    </system-out>
  </testcase> <!-- multiply -->
  <system-out>
    <![CDATA[Add
Multiply
Sub]]>
  </system-out>
</testsuite> <!-- testng.demo -->
