<?xml version="1.0" encoding="UTF-8"?>
<!-- Generated by org.testng.reporters.JUnitReportReporter -->
<testsuite hostname="Lokesh" failures="0" tests="4" name="testng.demo3" time="0.018" errors="0" timestamp="2026-02-25T08:01:26 IST" skipped="0">
  <testcase classname="testng.demo3" name="Mango" time="0.002">
    <system-out>
      <![CDATA[Mango]]>
    </system-out>
  </testcase> <!-- Mango -->
  <testcase classname="testng.demo3" name="banana" time="0.003">
    <system-out>
      <![CDATA[banana]]>
    </system-out>
  </testcase> <!-- banana -->
  <testcase classname="testng.demo3" name="Apple" time="0.012">
    <system-out>
      <![CDATA[Apple]]>
    </system-out>
  </testcase> <!-- Apple -->
  <testcase classname="testng.demo3" name="cucumber" time="0.001">
    <system-out>
      <![CDATA[cucumber]]>
    </system-out>
  </testcase> <!-- cucumber -->
  <system-out>
    <![CDATA[Apple
Mango
banana
cucumber]]>
  </system-out>
</testsuite> <!-- testng.demo3 -->
