<?xml version="1.0" encoding="UTF-8"?>
<!-- Generated by org.testng.reporters.JUnitReportReporter -->
<testsuite hostname="Lokesh" failures="0" tests="4" name="testng.demo2" time="0.019" errors="0" timestamp="2026-02-25T07:59:30 IST" skipped="0">
  <testcase classname="testng.demo2" name="bigbasket" time="0.001">
    <system-out>
      <![CDATA[bigbasket]]>
    </system-out>
  </testcase> <!-- bigbasket -->
  <testcase classname="testng.demo2" name="baskinrobin" time="0.002">
    <system-out>
      <![CDATA[baskinrobin]]>
    </system-out>
  </testcase> <!-- baskinrobin -->
  <testcase classname="testng.demo2" name="cricbuzz" time="0.003">
    <system-out>
      <![CDATA[cricbuzz]]>
    </system-out>
  </testcase> <!-- cricbuzz -->
  <testcase classname="testng.demo2" name="amazon" time="0.013">
    <system-out>
      <![CDATA[amazon]]>
    </system-out>
  </testcase> <!-- amazon -->
  <system-out>
    <![CDATA[amazon
baskinrobin
bigbasket
cricbuzz]]>
  </system-out>
</testsuite> <!-- testng.demo2 -->
