<?xml version="1.0" encoding="UTF-8"?>
<!-- Generated by org.testng.reporters.JUnitReportReporter -->
<testsuite hostname="Lokesh" failures="0" tests="2" name="testnghHelperAttribute.DataProvider" time="0.013" errors="0" timestamp="2026-02-28T07:37:04 IST" skipped="0">
  <testcase classname="testnghHelperAttribute.DataProvider" name="login" time="0.011"/>
  <testcase classname="testnghHelperAttribute.DataProvider" name="login" time="0.002"/>
</testsuite> <!-- testnghHelperAttribute.DataProvider -->
