<?xml version="1.0" encoding="UTF-8"?>
<!-- Generated by org.testng.reporters.JUnitReportReporter -->
<testsuite hostname="Lokesh" failures="0" tests="3" name="testnghHelperAttribute.dependsOnMethod" time="0.015" errors="0" timestamp="2026-02-26T08:26:32 IST" skipped="0">
  <testcase classname="testnghHelperAttribute.dependsOnMethod" name="editAcc" time="0.002">
    <system-out>
      <![CDATA[Edited]]>
    </system-out>
  </testcase> <!-- editAcc -->
  <testcase classname="testnghHelperAttribute.dependsOnMethod" name="deleteAcc" time="0.001">
    <system-out>
      <![CDATA[Deleted]]>
    </system-out>
  </testcase> <!-- deleteAcc -->
  <testcase classname="testnghHelperAttribute.dependsOnMethod" name="zcreateAcc" time="0.012">
    <system-out>
      <![CDATA[Created]]>
    </system-out>
  </testcase> <!-- zcreateAcc -->
  <system-out>
    <![CDATA[Created
Edited
Deleted]]>
  </system-out>
</testsuite> <!-- testnghHelperAttribute.dependsOnMethod -->
