<?xml version="1.0" encoding="UTF-8"?>
<!-- Generated by org.testng.reporters.JUnitReportReporter -->
<testsuite hostname="Lokesh" failures="0" tests="2" name="testnghHelperAttribute.enabled" time="5.893" errors="0" timestamp="2026-02-26T08:09:46 IST" skipped="1">
  <testcase classname="testnghHelperAttribute.enabled" name="browser" time="5.893"/>
  <testcase classname="testnghHelperAttribute.enabled" name="sub">
    <skipped/>
  </testcase> <!-- sub -->
</testsuite> <!-- testnghHelperAttribute.enabled -->
