<?xml version="1.0" encoding="UTF-8"?>
<!-- Generated by org.testng.reporters.JUnitReportReporter -->
<testsuite hostname="Lokesh" failures="0" tests="1" name="Product.ProductTest" time="6.382" errors="0" timestamp="2026-03-05T08:59:56 IST" skipped="0">
  <testcase classname="Product.ProductTest" name="createProduct" time="6.382"/>
  <system-out>
    <![CDATA[DB Open
Launch Browser
Login Application
Logout Application
Close Browser
Launch Browser
Login Application
Logout Application
Login Application
Logout Application
Login Application
Logout Application
Close Browser
DB Close]]>
  </system-out>
</testsuite> <!-- Product.ProductTest -->
