<?xml version="1.0" encoding="UTF-8"?>
<!-- Generated by org.testng.reporters.JUnitReportReporter -->
<testsuite hostname="Lokesh" failures="0" tests="4" name="testnghHelperAttribute.Priority" time="0.020" errors="0" timestamp="2026-02-26T07:26:05 IST" skipped="0">
  <testcase classname="testnghHelperAttribute.Priority" name="cricbuzz" time="0.013">
    <system-out>
      <![CDATA[cricbuzz]]>
    </system-out>
  </testcase> <!-- cricbuzz -->
  <testcase classname="testnghHelperAttribute.Priority" name="bigbasket" time="0.001">
    <system-out>
      <![CDATA[bigbasket]]>
    </system-out>
  </testcase> <!-- bigbasket -->
  <testcase classname="testnghHelperAttribute.Priority" name="baskinrobin" time="0.002">
    <system-out>
      <![CDATA[baskinrobin]]>
    </system-out>
  </testcase> <!-- baskinrobin -->
  <testcase classname="testnghHelperAttribute.Priority" name="amazon" time="0.004">
    <system-out>
      <![CDATA[amazon]]>
    </system-out>
  </testcase> <!-- amazon -->
  <system-out>
    <![CDATA[cricbuzz
bigbasket
baskinrobin
amazon]]>
  </system-out>
</testsuite> <!-- testnghHelperAttribute.Priority -->
