<?xml version="1.0" encoding="UTF-8"?>
<!-- Generated by org.testng.reporters.JUnitReportReporter -->
<testsuite hostname="Lokesh" failures="0" tests="3" name="testnghHelperAttribute.InvCount" time="16.106" errors="0" timestamp="2026-02-26T07:47:06 IST" skipped="0">
  <testcase classname="testnghHelperAttribute.InvCount" name="login" time="4.994"/>
  <testcase classname="testnghHelperAttribute.InvCount" name="login" time="4.985"/>
  <testcase classname="testnghHelperAttribute.InvCount" name="login" time="6.127"/>
</testsuite> <!-- testnghHelperAttribute.InvCount -->
